<?xml version="1.0" encoding="UTF-8"?>
<!-- Generated by org.testng.reporters.JUnitXMLReporter -->
<testsuite hostname="myhost" name="Create_EditGroupTests" tests="12" failures="0" timestamp="22 Jul 2014 12:07:24 GMT" time="33.936" errors="0">
  <testcase name="testGroupCreationWithValidData" time="3.074" classname="com.example.tests.MyCreateGroupTests"/>
  <testcase name="testGroupCreationWithValidData" time="2.22" classname="com.example.tests.MyCreateGroupTests"/>
  <testcase name="testGroupCreationWithValidData" time="1.65" classname="com.example.tests.MyCreateGroupTests"/>
  <testcase name="testGroupCreationWithValidData" time="1.513" classname="com.example.tests.MyCreateGroupTests"/>
  <testcase name="testGroupCreationWithValidData" time="1.636" classname="com.example.tests.MyCreateGroupTests"/>
  <testcase name="testGroupCreationWithValidData" time="1.706" classname="com.example.tests.MyCreateGroupTests"/>
  <testcase name="testGroupCreationWithValidData" time="1.559" classname="com.example.tests.MyCreateGroupTests"/>
  <testcase name="testGroupCreationWithValidData" time="1.504" classname="com.example.tests.MyCreateGroupTests"/>
  <testcase name="testGroupCreationWithValidData" time="2.046" classname="com.example.tests.MyCreateGroupTests"/>
  <testcase name="testGroupCreationWithValidData" time="2.625" classname="com.example.tests.MyCreateGroupTests"/>
  <testcase name="editSomeGroup" time="1.852" classname="com.example.tests.EditGroupTests"/>
  <testcase name="editSomeGroup" time="1.718" classname="com.example.tests.EditGroupTests"/>
</testsuite> <!-- Create_EditGroupTests -->
