<?xml version="1.0" encoding="UTF-8"?>
<!-- Generated by org.testng.reporters.JUnitXMLReporter -->
<testsuite hostname="myhost" name="Create_EditGroupTests" tests="12" failures="0" timestamp="22 Jul 2014 11:52:17 GMT" time="34.716" errors="0">
  <testcase name="testGroupCreationWithValidData" time="3.06" classname="com.example.tests.MyCreateGroupTests"/>
  <testcase name="testGroupCreationWithValidData" time="2.204" classname="com.example.tests.MyCreateGroupTests"/>
  <testcase name="testGroupCreationWithValidData" time="2.134" classname="com.example.tests.MyCreateGroupTests"/>
  <testcase name="testGroupCreationWithValidData" time="1.501" classname="com.example.tests.MyCreateGroupTests"/>
  <testcase name="testGroupCreationWithValidData" time="1.738" classname="com.example.tests.MyCreateGroupTests"/>
  <testcase name="testGroupCreationWithValidData" time="2.148" classname="com.example.tests.MyCreateGroupTests"/>
  <testcase name="testGroupCreationWithValidData" time="1.835" classname="com.example.tests.MyCreateGroupTests"/>
  <testcase name="testGroupCreationWithValidData" time="2.11" classname="com.example.tests.MyCreateGroupTests"/>
  <testcase name="testGroupCreationWithValidData" time="2.615" classname="com.example.tests.MyCreateGroupTests"/>
  <testcase name="testGroupCreationWithValidData" time="1.677" classname="com.example.tests.MyCreateGroupTests"/>
  <testcase name="editSomeGroup" time="2.046" classname="com.example.tests.EditGroupTests"/>
  <testcase name="editSomeGroup" time="2.273" classname="com.example.tests.EditGroupTests"/>
</testsuite> <!-- Create_EditGroupTests -->
