<?xml version="1.0" encoding="UTF-8"?>
<!-- Generated by org.testng.reporters.JUnitXMLReporter -->
<testsuite hostname="myhost" name="Default test" tests="5" failures="0" timestamp="22 May 2014 12:22:52 GMT" time="26.872" errors="0">
  <testcase name="testEmptyGroupCreation" time="4.712" classname="com.example.tests.AlsoMyCreateGroupTests"/>
  <testcase name="testNonEmptyGroupCreation" time="3.666" classname="com.example.tests.AlsoMyCreateGroupTests"/>
  <testcase name="testAddressCreation" time="3.835" classname="com.example.tests.MyAddAddressTests"/>
  <testcase name="testEmptyGroupCreation" time="3.597" classname="com.example.tests.MyCreateGroupTests"/>
  <testcase name="testNonEmptyGroupCreation" time="3.013" classname="com.example.tests.MyCreateGroupTests"/>
</testsuite> <!-- Default test -->
