<?xml version="1.0" encoding="UTF-8"?>
<!-- Generated by org.testng.reporters.JUnitXMLReporter -->
<testsuite hostname="myhost" name="test1" tests="10" failures="0" timestamp="22 Jul 2014 11:40:33 GMT" time="27.135" errors="0">
  <testcase name="testGroupCreationWithValidData" time="3.421" classname="com.example.tests.MyCreateGroupTests"/>
  <testcase name="testGroupCreationWithValidData" time="2.332" classname="com.example.tests.MyCreateGroupTests"/>
  <testcase name="testGroupCreationWithValidData" time="1.409" classname="com.example.tests.MyCreateGroupTests"/>
  <testcase name="testGroupCreationWithValidData" time="1.285" classname="com.example.tests.MyCreateGroupTests"/>
  <testcase name="testGroupCreationWithValidData" time="1.422" classname="com.example.tests.MyCreateGroupTests"/>
  <testcase name="testGroupCreationWithValidData" time="1.238" classname="com.example.tests.MyCreateGroupTests"/>
  <testcase name="testGroupCreationWithValidData" time="1.639" classname="com.example.tests.MyCreateGroupTests"/>
  <testcase name="testGroupCreationWithValidData" time="1.295" classname="com.example.tests.MyCreateGroupTests"/>
  <testcase name="testGroupCreationWithValidData" time="1.496" classname="com.example.tests.MyCreateGroupTests"/>
  <testcase name="testGroupCreationWithValidData" time="1.409" classname="com.example.tests.MyCreateGroupTests"/>
</testsuite> <!-- test1 -->
