<?xml version="1.0" encoding="UTF-8"?>
<testng-results skipped="0" failed="0" total="12" passed="12">
  <reporter-output>
  </reporter-output>
  <suite name="Default suite" duration-ms="33936" started-at="2014-07-22T12:06:50Z" finished-at="2014-07-22T12:07:24Z">
    <groups>
    </groups>
    <test name="Create_EditGroupTests" duration-ms="33936" started-at="2014-07-22T12:06:50Z" finished-at="2014-07-22T12:07:24Z">
      <class name="com.example.tests.EditGroupTests">
        <test-method status="PASS" signature="editSomeGroup(com.example.tests.GroupData)[pri:0, instance:com.example.tests.EditGroupTests@46f5f779]" name="editSomeGroup" duration-ms="1852" started-at="2014-07-22T16:07:20Z" data-provider="randomValidGroupGenerator" finished-at="2014-07-22T16:07:22Z">
          <params>
            <param index="0">
              <value>
                <![CDATA[GroupData [groupname=, header=test122214200, footer=test721909230]]]>
              </value>
            </param>
          </params>
          <reporter-output>
          </reporter-output>
        </test-method> <!-- editSomeGroup -->
        <test-method status="PASS" signature="editSomeGroup(com.example.tests.GroupData)[pri:0, instance:com.example.tests.EditGroupTests@46f5f779]" name="editSomeGroup" duration-ms="1718" started-at="2014-07-22T16:07:22Z" data-provider="randomValidGroupGenerator" finished-at="2014-07-22T16:07:24Z">
          <params>
            <param index="0">
              <value>
                <![CDATA[GroupData [groupname=, header=test1206007992, footer=test-1013530075]]]>
              </value>
            </param>
          </params>
          <reporter-output>
          </reporter-output>
        </test-method> <!-- editSomeGroup -->
      </class> <!-- com.example.tests.EditGroupTests -->
      <class name="com.example.tests.MyCreateGroupTests">
        <test-method status="PASS" signature="setUp()[pri:0, instance:com.example.tests.MyCreateGroupTests@1517365b]" name="setUp" is-config="true" duration-ms="9805" started-at="2014-07-22T16:06:50Z" finished-at="2014-07-22T16:07:00Z">
          <reporter-output>
          </reporter-output>
        </test-method> <!-- setUp -->
        <test-method status="PASS" signature="testGroupCreationWithValidData(com.example.tests.GroupData)[pri:0, instance:com.example.tests.MyCreateGroupTests@1517365b]" name="testGroupCreationWithValidData" duration-ms="3074" started-at="2014-07-22T16:07:01Z" data-provider="groupsFromFile" finished-at="2014-07-22T16:07:04Z">
          <params>
            <param index="0">
              <value>
                <![CDATA[GroupData [groupname=, header=, footer=test1574695056]]]>
              </value>
            </param>
          </params>
          <reporter-output>
          </reporter-output>
        </test-method> <!-- testGroupCreationWithValidData -->
        <test-method status="PASS" signature="testGroupCreationWithValidData(com.example.tests.GroupData)[pri:0, instance:com.example.tests.MyCreateGroupTests@1517365b]" name="testGroupCreationWithValidData" duration-ms="2220" started-at="2014-07-22T16:07:04Z" data-provider="groupsFromFile" finished-at="2014-07-22T16:07:06Z">
          <params>
            <param index="0">
              <value>
                <![CDATA[GroupData [groupname=test-70357335, header=, footer=test-547043550]]]>
              </value>
            </param>
          </params>
          <reporter-output>
          </reporter-output>
        </test-method> <!-- testGroupCreationWithValidData -->
        <test-method status="PASS" signature="testGroupCreationWithValidData(com.example.tests.GroupData)[pri:0, instance:com.example.tests.MyCreateGroupTests@1517365b]" name="testGroupCreationWithValidData" duration-ms="1650" started-at="2014-07-22T16:07:06Z" data-provider="groupsFromFile" finished-at="2014-07-22T16:07:08Z">
          <params>
            <param index="0">
              <value>
                <![CDATA[GroupData [groupname=, header=test838138417, footer=]]]>
              </value>
            </param>
          </params>
          <reporter-output>
          </reporter-output>
        </test-method> <!-- testGroupCreationWithValidData -->
        <test-method status="PASS" signature="testGroupCreationWithValidData(com.example.tests.GroupData)[pri:0, instance:com.example.tests.MyCreateGroupTests@1517365b]" name="testGroupCreationWithValidData" duration-ms="1513" started-at="2014-07-22T16:07:08Z" data-provider="groupsFromFile" finished-at="2014-07-22T16:07:09Z">
          <params>
            <param index="0">
              <value>
                <![CDATA[GroupData [groupname=, header=, footer=test587442341]]]>
              </value>
            </param>
          </params>
          <reporter-output>
          </reporter-output>
        </test-method> <!-- testGroupCreationWithValidData -->
        <test-method status="PASS" signature="testGroupCreationWithValidData(com.example.tests.GroupData)[pri:0, instance:com.example.tests.MyCreateGroupTests@1517365b]" name="testGroupCreationWithValidData" duration-ms="1636" started-at="2014-07-22T16:07:09Z" data-provider="groupsFromFile" finished-at="2014-07-22T16:07:11Z">
          <params>
            <param index="0">
              <value>
                <![CDATA[GroupData [groupname=test437488977, header=test1458455957, footer=test359137116]]]>
              </value>
            </param>
          </params>
          <reporter-output>
          </reporter-output>
        </test-method> <!-- testGroupCreationWithValidData -->
        <test-method status="PASS" signature="testGroupCreationWithValidData(com.example.tests.GroupData)[pri:0, instance:com.example.tests.MyCreateGroupTests@1517365b]" name="testGroupCreationWithValidData" duration-ms="1706" started-at="2014-07-22T16:07:11Z" data-provider="groupsFromFile" finished-at="2014-07-22T16:07:12Z">
          <params>
            <param index="0">
              <value>
                <![CDATA[GroupData [groupname=, header=test1366272392, footer=]]]>
              </value>
            </param>
          </params>
          <reporter-output>
          </reporter-output>
        </test-method> <!-- testGroupCreationWithValidData -->
        <test-method status="PASS" signature="testGroupCreationWithValidData(com.example.tests.GroupData)[pri:0, instance:com.example.tests.MyCreateGroupTests@1517365b]" name="testGroupCreationWithValidData" duration-ms="1559" started-at="2014-07-22T16:07:12Z" data-provider="groupsFromFile" finished-at="2014-07-22T16:07:14Z">
          <params>
            <param index="0">
              <value>
                <![CDATA[GroupData [groupname=test-1222914095, header=, footer=test-1162540625]]]>
              </value>
            </param>
          </params>
          <reporter-output>
          </reporter-output>
        </test-method> <!-- testGroupCreationWithValidData -->
        <test-method status="PASS" signature="testGroupCreationWithValidData(com.example.tests.GroupData)[pri:0, instance:com.example.tests.MyCreateGroupTests@1517365b]" name="testGroupCreationWithValidData" duration-ms="1504" started-at="2014-07-22T16:07:14Z" data-provider="groupsFromFile" finished-at="2014-07-22T16:07:15Z">
          <params>
            <param index="0">
              <value>
                <![CDATA[GroupData [groupname=, header=test29231322, footer=test-1215780001]]]>
              </value>
            </param>
          </params>
          <reporter-output>
          </reporter-output>
        </test-method> <!-- testGroupCreationWithValidData -->
        <test-method status="PASS" signature="testGroupCreationWithValidData(com.example.tests.GroupData)[pri:0, instance:com.example.tests.MyCreateGroupTests@1517365b]" name="testGroupCreationWithValidData" duration-ms="2046" started-at="2014-07-22T16:07:15Z" data-provider="groupsFromFile" finished-at="2014-07-22T16:07:18Z">
          <params>
            <param index="0">
              <value>
                <![CDATA[GroupData [groupname=test-2069463110, header=test-2083448875, footer=]]]>
              </value>
            </param>
          </params>
          <reporter-output>
          </reporter-output>
        </test-method> <!-- testGroupCreationWithValidData -->
        <test-method status="PASS" signature="testGroupCreationWithValidData(com.example.tests.GroupData)[pri:0, instance:com.example.tests.MyCreateGroupTests@1517365b]" name="testGroupCreationWithValidData" duration-ms="2625" started-at="2014-07-22T16:07:18Z" data-provider="groupsFromFile" finished-at="2014-07-22T16:07:20Z">
          <params>
            <param index="0">
              <value>
                <![CDATA[GroupData [groupname=, header=test-1513428858, footer=test-2063155011]]]>
              </value>
            </param>
          </params>
          <reporter-output>
          </reporter-output>
        </test-method> <!-- testGroupCreationWithValidData -->
        <test-method status="PASS" signature="tearDown()[pri:0, instance:com.example.tests.MyCreateGroupTests@1517365b]" name="tearDown" is-config="true" duration-ms="675" started-at="2014-07-22T16:07:24Z" finished-at="2014-07-22T16:07:24Z">
          <reporter-output>
          </reporter-output>
        </test-method> <!-- tearDown -->
      </class> <!-- com.example.tests.MyCreateGroupTests -->
    </test> <!-- Create_EditGroupTests -->
  </suite> <!-- Default suite -->
</testng-results>
